c:\users\administrator\source\repos\oposzadaci2020\zadatak3\x64\debug\zadatak3.pdb
c:\users\administrator\source\repos\oposzadaci2020\zadatak3\x64\debug\zadatak3.idb
c:\users\administrator\source\repos\oposzadaci2020\zadatak3\x64\debug\opencl.obj
c:\users\administrator\source\repos\oposzadaci2020\x64\debug\zadatak3.lib
c:\users\administrator\source\repos\oposzadaci2020\zadatak3\x64\debug\vc142.idb
c:\users\administrator\source\repos\oposzadaci2020\zadatak3\x64\debug\vc142.pdb
c:\users\administrator\source\repos\oposzadaci2020\zadatak3\x64\debug\zadatak3.tlog\cl.command.1.tlog
c:\users\administrator\source\repos\oposzadaci2020\zadatak3\x64\debug\zadatak3.tlog\cl.read.1.tlog
c:\users\administrator\source\repos\oposzadaci2020\zadatak3\x64\debug\zadatak3.tlog\cl.write.1.tlog
c:\users\administrator\source\repos\oposzadaci2020\zadatak3\x64\debug\zadatak3.tlog\lib-link.read.1.tlog
c:\users\administrator\source\repos\oposzadaci2020\zadatak3\x64\debug\zadatak3.tlog\lib-link.write.1.tlog
c:\users\administrator\source\repos\oposzadaci2020\zadatak3\x64\debug\zadatak3.tlog\lib.command.1.tlog
c:\users\administrator\source\repos\oposzadaci2020\zadatak3\x64\debug\zadatak3.tlog\link-cvtres.read.1.tlog
c:\users\administrator\source\repos\oposzadaci2020\zadatak3\x64\debug\zadatak3.tlog\link-cvtres.write.1.tlog
c:\users\administrator\source\repos\oposzadaci2020\zadatak3\x64\debug\zadatak3.tlog\link-rc.read.1.tlog
c:\users\administrator\source\repos\oposzadaci2020\zadatak3\x64\debug\zadatak3.tlog\link-rc.write.1.tlog
c:\users\administrator\source\repos\oposzadaci2020\zadatak3\x64\debug\zadatak3.tlog\link.6312.delete.1.tlog
c:\users\administrator\source\repos\oposzadaci2020\zadatak3\x64\debug\zadatak3.tlog\link.7744.delete.1.tlog
c:\users\administrator\source\repos\oposzadaci2020\zadatak3\x64\debug\zadatak3.tlog\link.command.1.tlog
c:\users\administrator\source\repos\oposzadaci2020\zadatak3\x64\debug\zadatak3.tlog\link.delete.1.tlog
c:\users\administrator\source\repos\oposzadaci2020\zadatak3\x64\debug\zadatak3.tlog\link.read.1.tlog
c:\users\administrator\source\repos\oposzadaci2020\zadatak3\x64\debug\zadatak3.tlog\link.write.1.tlog
c:\users\administrator\source\repos\oposzadaci2020\zadatak3\x64\debug\zadatak3.tlog\zadatak3.write.1u.tlog
